<?xml version="1.0" encoding="UTF-8"?>
<!-- Generated by org.testng.reporters.JUnitReportReporter -->
<testsuite hostname="Ankita" failures="0" tests="6" name="com.ass1.Login_Page" time="7.749" errors="0" timestamp="12 Feb 2024 05:33:09 GMT" skipped="0">
  <testcase classname="com.ass1.Login_Page" name="testValidUsername" time="4.715"/>
  <testcase classname="com.ass1.Login_Page" name="testInvalidUsername" time="0.793"/>
  <testcase classname="com.ass1.Login_Page" name="testInvalidPassword" time="0.768"/>
  <testcase classname="com.ass1.Login_Page" name="testEmptyUsernameAndPassword" time="0.592"/>
  <testcase classname="com.ass1.Login_Page" name="testEmptyPassword" time="0.392"/>
  <testcase classname="com.ass1.Login_Page" name="testEmptyUsername" time="0.489"/>
</testsuite> <!-- com.ass1.Login_Page -->
